<?xml version="1.0" encoding="UTF-8"?>
<!-- Generated by org.testng.reporters.JUnitXMLReporter -->
<testsuite hostname="EPUAVINW0145" ignored="0" tests="10" failures="1" timestamp="17 Jul 2018 12:50:41 GMT" time="122.503" errors="0">
  <testcase name="apiTestRestAssured1" time="3.74" classname="ApiTest"/>
  <testcase name="apiTestRestAssured2" time="0.357" classname="ApiTest"/>
  <testcase name="apiTestRestAssured3" time="0.31" classname="ApiTest"/>
  <testcase name="checkDownloadPageTest" time="7.07" classname="TestsAutoRia"/>
  <testcase name="checkHeadersLink" time="1.033" classname="TestsAutoRia"/>
  <testcase name="checkResultsOfSearchTestBu" time="6.894" classname="TestsAutoRia">
    <failure type="java.lang.AssertionError" message=" The results of search is not loaded expected [true] but found [false]">
      <![CDATA[java.lang.AssertionError:  The results of search is not loaded expected [true] but found [false]
at TestsAutoRia.checkResultsOfSearchTestBu(TestsAutoRia.java:35)
... Removed 32 stack frames]]>
    </failure>
  </testcase> <!-- checkResultsOfSearchTestBu -->
  <testcase name="checkResultsOfSearchTestNew" time="4.816" classname="TestsAutoRia"/>
  <testcase name="invalidDataSearchTest" time="6.1" classname="TestsAutoRia"/>
  <testcase name="invalidDataSearchTest" time="7.016" classname="TestsAutoRia"/>
  <testcase name="registrationWithInvalidDataTest" time="13.506" classname="TestsAutoRia"/>
</testsuite>
