<?xml version="1.0" encoding="UTF-8"?>
<!-- Generated by org.testng.reporters.JUnitXMLReporter -->
<testsuite hostname="EPUAVINW0145" ignored="0" tests="9" failures="0" timestamp="09 Jul 2018 13:17:33 GMT" time="151.85" errors="0">
  <testcase name="apiTest" time="0.826" classname="TestsAutoRia"/>
  <testcase name="apiTestRestAssure" time="2.908" classname="TestsAutoRia"/>
  <testcase name="checkDownloadPageTest" time="7.679" classname="TestsAutoRia"/>
  <testcase name="checkHeadersLink" time="1.598" classname="TestsAutoRia"/>
  <testcase name="checkResultsOfSearchTestBu" time="7.326" classname="TestsAutoRia"/>
  <testcase name="checkResultsOfSearchTestNew" time="5.463" classname="TestsAutoRia"/>
  <testcase name="invalidDataSearchTest" time="7.385" classname="TestsAutoRia"/>
  <testcase name="invalidDataSearchTest" time="6.818" classname="TestsAutoRia"/>
  <testcase name="registrationWithInvalidDataTest" time="13.31" classname="TestsAutoRia"/>
</testsuite>
