<?xml version="1.0" encoding="UTF-8"?>
<testsuite xmlns:xsi="http://www.w3.org/2001/XMLSchema-instance" xsi:noNamespaceSchemaLocation="https://maven.apache.org/surefire/maven-surefire-plugin/xsd/surefire-test-report.xsd" name="TestSuite" time="124.269" tests="10" errors="0" skipped="0" failures="1">
  <properties>
[...]
</properties>
  <testcase name="apiTestRestAssured1" classname="ApiTest" time="3.752"/>
  <testcase name="apiTestRestAssured2" classname="ApiTest" time="0.366"/>
  <testcase name="apiTestRestAssured3" classname="ApiTest" time="0.31"/>
  <testcase name="checkDownloadPageTest" classname="TestsAutoRia" time="7.066"/>
  <testcase name="checkHeadersLink" classname="TestsAutoRia" time="1.037"/>
  <testcase name="checkResultsOfSearchTestBu" classname="TestsAutoRia" time="6.913">
    <failure message=" The results of search is not loaded expected [true] but found [false]" type="java.lang.AssertionError">java.lang.AssertionError:  The results of search is not loaded expected [true] but found [false]
	at TestsAutoRia.checkResultsOfSearchTestBu(TestsAutoRia.java:35)
</failure>
    <system-err><![CDATA[[Child 356, Chrome_ChildThread] WARNING: pipe error: 109: file z:/build/build/src/ipc/chromium/src/chrome/common/ipc_channel_win.cc, line 346
[Parent 6244, Gecko_IOThread] WARNING: pipe error: 109: file z:/build/build/src/ipc/chromium/src/chrome/common/ipc_channel_win.cc, line 346

###!!! [Child][RunMessage] Error: Channel closing: too late to send/recv, messages will be lost


###!!! [Child][RunMessage] Error: Channel closing: too late to send/recv, messages will be lost


###!!! [Child][RunMessage] Error: Channel closing: too late to send/recv, messages will be lost


###!!! [Child][RunMessage] Error: Channel closing: too late to send/recv, messages will be lost

[Parent 6244, Gecko_IOThread] WARNING: pipe error: 109: file z:/build/build/src/ipc/chromium/src/chrome/common/ipc_channel_win.cc, line 346
*** UTM:SVC TimerManager:registerTimer called after profile-before-change notification. Ignoring timer registration for id: telemetry_modules_ping

###!!! [Child][MessageChannel::SendAndWait] Error: Channel error: cannot send/recv

1531831753521	geckodriver	INFO	geckodriver 0.20.1
1531831753535	geckodriver	INFO	Listening on 127.0.0.1:25481
1531831754071	mozrunner::runner	INFO	Running command: "C:\\Program Files\\Mozilla Firefox\\firefox.exe" "-marionette" "-profile" "C:\\Users\\OLHA_V~1\\AppData\\Local\\Temp\\rust_mozprofile.si9zCPqIpDTI"
Unable to read VR Path Registry from C:\Users\Olha_Varvarska\AppData\Local\openvr\openvrpaths.vrpath
Unable to read VR Path Registry from C:\Users\Olha_Varvarska\AppData\Local\openvr\openvrpaths.vrpath
Unable to read VR Path Registry from C:\Users\Olha_Varvarska\AppData\Local\openvr\openvrpaths.vrpath
Unable to read VR Path Registry from C:\Users\Olha_Varvarska\AppData\Local\openvr\openvrpaths.vrpath
Unable to read VR Path Registry from C:\Users\Olha_Varvarska\AppData\Local\openvr\openvrpaths.vrpath
1531831756480	Marionette	INFO	Listening on port 58523
1531831757262	Marionette	WARN	TLS certificate errors will be ignored for this session
Jul 17, 2018 3:49:17 PM org.openqa.selenium.remote.ProtocolHandshake createSession
INFO: Detected dialect: W3C

###!!! [Parent][DispatchAsyncMessage] Error: PClientSourceOp::Msg___delete__ Route error: message sent to unknown actor ID

]]></system-err>
  </testcase>
  <testcase name="checkResultsOfSearchTestNew" classname="TestsAutoRia" time="4.81"/>
  <testcase name="invalidDataSearchTest" classname="TestsAutoRia" time="6.11"/>
  <testcase name="invalidDataSearchTest" classname="TestsAutoRia" time="7.023"/>
  <testcase name="registrationWithInvalidDataTest" classname="TestsAutoRia" time="13.506"/>
</testsuite>