<?xml version="1.0" encoding="UTF-8"?>
<testsuite xmlns:xsi="http://www.w3.org/2001/XMLSchema-instance" xsi:noNamespaceSchemaLocation="https://maven.apache.org/surefire/maven-surefire-plugin/xsd/surefire-test-report.xsd" name="TestsAutoRia" time="153.553" tests="9" errors="0" skipped="0" failures="0">
  <properties>
[...]
</properties>
  <testcase name="apiTest" classname="TestsAutoRia" time="0.834"/>
  <testcase name="apiTestRestAssure" classname="TestsAutoRia" time="2.908"/>
  <testcase name="checkDownloadPageTest" classname="TestsAutoRia" time="7.679"/>
  <testcase name="checkHeadersLink" classname="TestsAutoRia" time="1.599"/>
  <testcase name="checkResultsOfSearchTestBu" classname="TestsAutoRia" time="7.336"/>
  <testcase name="checkResultsOfSearchTestNew" classname="TestsAutoRia" time="5.462"/>
  <testcase name="invalidDataSearchTest" classname="TestsAutoRia" time="7.385"/>
  <testcase name="invalidDataSearchTest" classname="TestsAutoRia" time="6.818"/>
  <testcase name="registrationWithInvalidDataTest" classname="TestsAutoRia" time="13.32"/>
</testsuite>