-------------------------------------------------------------------------------
Test set: TestSuite
-------------------------------------------------------------------------------
Tests run: 10, Failures: 1, Errors: 0, Skipped: 0, Time elapsed: 124.269 s <<< FAILURE! - in TestSuite
checkResultsOfSearchTestBu(TestsAutoRia)  Time elapsed: 6.913 s  <<< FAILURE!
java.lang.AssertionError:  The results of search is not loaded expected [true] but found [false]
	at TestsAutoRia.checkResultsOfSearchTestBu(TestsAutoRia.java:35)

