<?xml version="1.0" encoding="UTF-8"?>
<testng-results skipped="0" failed="1" ignored="0" total="10" passed="9">
  <reporter-output>
  </reporter-output>
  <suite name="Surefire suite" duration-ms="122503" started-at="2018-07-17T12:48:38Z" finished-at="2018-07-17T12:50:41Z">
    <groups>
    </groups>
    <test name="Surefire test" duration-ms="122503" started-at="2018-07-17T12:48:38Z" finished-at="2018-07-17T12:50:41Z">
      <class name="TestsAutoRia">
        <test-method status="PASS" signature="openPage()[pri:0, instance:TestsAutoRia@2b62442c]" name="openPage" is-config="true" duration-ms="10216" started-at="2018-07-17T12:48:43Z" finished-at="2018-07-17T12:48:53Z">
          <reporter-output>
          </reporter-output>
        </test-method> <!-- openPage -->
        <test-method status="PASS" signature="checkDownloadPageTest(java.lang.String, java.lang.String, java.lang.String, java.lang.String, java.lang.String, java.lang.String, java.lang.String, java.lang.String)[pri:0, instance:TestsAutoRia@2b62442c]" name="checkDownloadPageTest" duration-ms="7070" started-at="2018-07-17T12:48:53Z" data-provider="validDataOfSearch" finished-at="2018-07-17T12:49:00Z">
          <params>
            <param index="0">
              <value>
                <![CDATA[Легковые]]>
              </value>
            </param>
            <param index="1">
              <value>
                <![CDATA[Audi]]>
              </value>
            </param>
            <param index="2">
              <value>
                <![CDATA[Q7]]>
              </value>
            </param>
            <param index="3">
              <value>
                <![CDATA[Киев]]>
              </value>
            </param>
            <param index="4">
              <value>
                <![CDATA[2014]]>
              </value>
            </param>
            <param index="5">
              <value>
                <![CDATA[2017]]>
              </value>
            </param>
            <param index="6">
              <value>
                <![CDATA[2000]]>
              </value>
            </param>
            <param index="7">
              <value>
                <![CDATA[50000]]>
              </value>
            </param>
          </params>
          <reporter-output>
          </reporter-output>
        </test-method> <!-- checkDownloadPageTest -->
        <test-method status="PASS" signature="closePage(org.testng.ITestResult)[pri:0, instance:TestsAutoRia@2b62442c]" name="closePage" is-config="true" duration-ms="2134" started-at="2018-07-17T12:49:00Z" finished-at="2018-07-17T12:49:02Z">
          <params>
            <param index="0">
              <value>
                <![CDATA[[TestResult name=checkDownloadPageTest status=SUCCESS method=TestsAutoRia.checkDownloadPageTest(java.lang.String, java.lang.String, java.lang.String, java.lang.String, java.lang.String, java.lang.String, java.lang.String, java.lang.String)[pri:0, instance:TestsAutoRia@2b62442c] output={null}]]]>
              </value>
            </param>
          </params>
          <reporter-output>
          </reporter-output>
        </test-method> <!-- closePage -->
        <test-method status="PASS" signature="openPage()[pri:0, instance:TestsAutoRia@2b62442c]" name="openPage" is-config="true" duration-ms="7710" started-at="2018-07-17T12:49:02Z" finished-at="2018-07-17T12:49:10Z">
          <reporter-output>
          </reporter-output>
        </test-method> <!-- openPage -->
        <test-method status="PASS" signature="checkHeadersLink()[pri:0, instance:TestsAutoRia@2b62442c]" name="checkHeadersLink" duration-ms="1033" started-at="2018-07-17T12:49:10Z" finished-at="2018-07-17T12:49:11Z">
          <reporter-output>
          </reporter-output>
        </test-method> <!-- checkHeadersLink -->
        <test-method status="PASS" signature="closePage(org.testng.ITestResult)[pri:0, instance:TestsAutoRia@2b62442c]" name="closePage" is-config="true" duration-ms="2016" started-at="2018-07-17T12:49:11Z" finished-at="2018-07-17T12:49:13Z">
          <params>
            <param index="0">
              <value>
                <![CDATA[[TestResult name=checkHeadersLink status=SUCCESS method=TestsAutoRia.checkHeadersLink()[pri:0, instance:TestsAutoRia@2b62442c] output={null}]]]>
              </value>
            </param>
          </params>
          <reporter-output>
          </reporter-output>
        </test-method> <!-- closePage -->
        <test-method status="PASS" signature="openPage()[pri:0, instance:TestsAutoRia@2b62442c]" name="openPage" is-config="true" duration-ms="7740" started-at="2018-07-17T12:49:13Z" finished-at="2018-07-17T12:49:21Z">
          <reporter-output>
          </reporter-output>
        </test-method> <!-- openPage -->
        <test-method status="FAIL" signature="checkResultsOfSearchTestBu(java.lang.String, java.lang.String, java.lang.String, java.lang.String, java.lang.String, java.lang.String, java.lang.String, java.lang.String)[pri:0, instance:TestsAutoRia@2b62442c]" name="checkResultsOfSearchTestBu" duration-ms="6894" started-at="2018-07-17T12:49:21Z" data-provider="validDataOfSearch" finished-at="2018-07-17T12:49:28Z">
          <params>
            <param index="0">
              <value>
                <![CDATA[Легковые]]>
              </value>
            </param>
            <param index="1">
              <value>
                <![CDATA[Audi]]>
              </value>
            </param>
            <param index="2">
              <value>
                <![CDATA[Q7]]>
              </value>
            </param>
            <param index="3">
              <value>
                <![CDATA[Киев]]>
              </value>
            </param>
            <param index="4">
              <value>
                <![CDATA[2014]]>
              </value>
            </param>
            <param index="5">
              <value>
                <![CDATA[2017]]>
              </value>
            </param>
            <param index="6">
              <value>
                <![CDATA[2000]]>
              </value>
            </param>
            <param index="7">
              <value>
                <![CDATA[50000]]>
              </value>
            </param>
          </params>
          <exception class="java.lang.AssertionError">
            <message>
              <![CDATA[ The results of search is not loaded expected [true] but found [false]]]>
            </message>
            <full-stacktrace>
              <![CDATA[java.lang.AssertionError:  The results of search is not loaded expected [true] but found [false]
at org.testng.Assert.fail(Assert.java:96)
at org.testng.Assert.failNotEquals(Assert.java:776)
at org.testng.Assert.assertTrue(Assert.java:44)
at TestsAutoRia.checkResultsOfSearchTestBu(TestsAutoRia.java:35)
at sun.reflect.NativeMethodAccessorImpl.invoke0(Native Method)
at sun.reflect.NativeMethodAccessorImpl.invoke(NativeMethodAccessorImpl.java:62)
at sun.reflect.DelegatingMethodAccessorImpl.invoke(DelegatingMethodAccessorImpl.java:43)
at java.lang.reflect.Method.invoke(Method.java:498)
at org.testng.internal.MethodInvocationHelper.invokeMethod(MethodInvocationHelper.java:124)
at org.testng.internal.Invoker.invokeMethod(Invoker.java:583)
at org.testng.internal.Invoker.invokeTestMethod(Invoker.java:719)
at org.testng.internal.Invoker.invokeTestMethods(Invoker.java:989)
at org.testng.internal.TestMethodWorker.invokeTestMethods(TestMethodWorker.java:125)
at org.testng.internal.TestMethodWorker.run(TestMethodWorker.java:109)
at org.testng.TestRunner.privateRun(TestRunner.java:648)
at org.testng.TestRunner.run(TestRunner.java:505)
at org.testng.SuiteRunner.runTest(SuiteRunner.java:455)
at org.testng.SuiteRunner.runSequentially(SuiteRunner.java:450)
at org.testng.SuiteRunner.privateRun(SuiteRunner.java:415)
at org.testng.SuiteRunner.run(SuiteRunner.java:364)
at org.testng.SuiteRunnerWorker.runSuite(SuiteRunnerWorker.java:52)
at org.testng.SuiteRunnerWorker.run(SuiteRunnerWorker.java:84)
at org.testng.TestNG.runSuitesSequentially(TestNG.java:1208)
at org.testng.TestNG.runSuitesLocally(TestNG.java:1137)
at org.testng.TestNG.runSuites(TestNG.java:1049)
at org.testng.TestNG.run(TestNG.java:1017)
at org.apache.maven.surefire.testng.TestNGExecutor.run(TestNGExecutor.java:135)
at org.apache.maven.surefire.testng.TestNGDirectoryTestSuite.executeMulti(TestNGDirectoryTestSuite.java:193)
at org.apache.maven.surefire.testng.TestNGDirectoryTestSuite.execute(TestNGDirectoryTestSuite.java:94)
at org.apache.maven.surefire.testng.TestNGProvider.invoke(TestNGProvider.java:146)
at org.apache.maven.surefire.booter.ForkedBooter.invokeProviderInSameClassLoader(ForkedBooter.java:386)
at org.apache.maven.surefire.booter.ForkedBooter.runSuitesInProcess(ForkedBooter.java:323)
at org.apache.maven.surefire.booter.ForkedBooter.main(ForkedBooter.java:143)
]]>
            </full-stacktrace>
          </exception> <!-- java.lang.AssertionError -->
          <reporter-output>
          </reporter-output>
        </test-method> <!-- checkResultsOfSearchTestBu -->
        <test-method status="PASS" signature="closePage(org.testng.ITestResult)[pri:0, instance:TestsAutoRia@2b62442c]" name="closePage" is-config="true" duration-ms="2388" started-at="2018-07-17T12:49:28Z" finished-at="2018-07-17T12:49:30Z">
          <params>
            <param index="0">
              <value>
                <![CDATA[[TestResult name=checkResultsOfSearchTestBu status=FAILURE method=TestsAutoRia.checkResultsOfSearchTestBu(java.lang.String, java.lang.String, java.lang.String, java.lang.String, java.lang.String, java.lang.String, java.lang.String, java.lang.String)[pri:0, instance:TestsAutoRia@2b62442c] output={null}]]]>
              </value>
            </param>
          </params>
          <reporter-output>
          </reporter-output>
        </test-method> <!-- closePage -->
        <test-method status="PASS" signature="openPage()[pri:0, instance:TestsAutoRia@2b62442c]" name="openPage" is-config="true" duration-ms="7900" started-at="2018-07-17T12:49:30Z" finished-at="2018-07-17T12:49:38Z">
          <reporter-output>
          </reporter-output>
        </test-method> <!-- openPage -->
        <test-method status="PASS" signature="checkResultsOfSearchTestNew()[pri:0, instance:TestsAutoRia@2b62442c]" name="checkResultsOfSearchTestNew" duration-ms="4816" started-at="2018-07-17T12:49:38Z" finished-at="2018-07-17T12:49:43Z">
          <reporter-output>
          </reporter-output>
        </test-method> <!-- checkResultsOfSearchTestNew -->
        <test-method status="PASS" signature="closePage(org.testng.ITestResult)[pri:0, instance:TestsAutoRia@2b62442c]" name="closePage" is-config="true" duration-ms="2060" started-at="2018-07-17T12:49:43Z" finished-at="2018-07-17T12:49:45Z">
          <params>
            <param index="0">
              <value>
                <![CDATA[[TestResult name=checkResultsOfSearchTestNew status=SUCCESS method=TestsAutoRia.checkResultsOfSearchTestNew()[pri:0, instance:TestsAutoRia@2b62442c] output={null}]]]>
              </value>
            </param>
          </params>
          <reporter-output>
          </reporter-output>
        </test-method> <!-- closePage -->
        <test-method status="PASS" signature="openPage()[pri:0, instance:TestsAutoRia@2b62442c]" name="openPage" is-config="true" duration-ms="7661" started-at="2018-07-17T12:49:45Z" finished-at="2018-07-17T12:49:52Z">
          <reporter-output>
          </reporter-output>
        </test-method> <!-- openPage -->
        <test-method status="PASS" signature="invalidDataSearchTest(java.lang.String, java.lang.String, java.lang.String, java.lang.String, java.lang.String, java.lang.String, java.lang.String, java.lang.String)[pri:0, instance:TestsAutoRia@2b62442c]" name="invalidDataSearchTest" duration-ms="6100" started-at="2018-07-17T12:49:52Z" data-provider="invalidDataOfSearch" finished-at="2018-07-17T12:49:59Z">
          <params>
            <param index="0">
              <value>
                <![CDATA[Легковые]]>
              </value>
            </param>
            <param index="1">
              <value>
                <![CDATA[Audi]]>
              </value>
            </param>
            <param index="2">
              <value>
                <![CDATA[Q7]]>
              </value>
            </param>
            <param index="3">
              <value>
                <![CDATA[Киев]]>
              </value>
            </param>
            <param index="4">
              <value>
                <![CDATA[2014]]>
              </value>
            </param>
            <param index="5">
              <value>
                <![CDATA[2017]]>
              </value>
            </param>
            <param index="6">
              <value>
                <![CDATA[20000]]>
              </value>
            </param>
            <param index="7">
              <value>
                <![CDATA[50]]>
              </value>
            </param>
          </params>
          <reporter-output>
          </reporter-output>
        </test-method> <!-- invalidDataSearchTest -->
        <test-method status="PASS" signature="closePage(org.testng.ITestResult)[pri:0, instance:TestsAutoRia@2b62442c]" name="closePage" is-config="true" duration-ms="1986" started-at="2018-07-17T12:49:59Z" finished-at="2018-07-17T12:50:01Z">
          <params>
            <param index="0">
              <value>
                <![CDATA[[TestResult name=invalidDataSearchTest status=SUCCESS method=TestsAutoRia.invalidDataSearchTest(java.lang.String, java.lang.String, java.lang.String, java.lang.String, java.lang.String, java.lang.String, java.lang.String, java.lang.String)[pri:0, instance:TestsAutoRia@2b62442c] output={null}]]]>
              </value>
            </param>
          </params>
          <reporter-output>
          </reporter-output>
        </test-method> <!-- closePage -->
        <test-method status="PASS" signature="openPage()[pri:0, instance:TestsAutoRia@2b62442c]" name="openPage" is-config="true" duration-ms="7730" started-at="2018-07-17T12:50:01Z" finished-at="2018-07-17T12:50:08Z">
          <reporter-output>
          </reporter-output>
        </test-method> <!-- openPage -->
        <test-method status="PASS" signature="invalidDataSearchTest(java.lang.String, java.lang.String, java.lang.String, java.lang.String, java.lang.String, java.lang.String, java.lang.String, java.lang.String)[pri:0, instance:TestsAutoRia@2b62442c]" name="invalidDataSearchTest" duration-ms="7016" started-at="2018-07-17T12:50:08Z" data-provider="invalidDataOfSearch" finished-at="2018-07-17T12:50:15Z">
          <params>
            <param index="0">
              <value>
                <![CDATA[Легковые]]>
              </value>
            </param>
            <param index="1">
              <value>
                <![CDATA[BMW]]>
              </value>
            </param>
            <param index="2">
              <value>
                <![CDATA[X5]]>
              </value>
            </param>
            <param index="3">
              <value>
                <![CDATA[Киев]]>
              </value>
            </param>
            <param index="4">
              <value>
                <![CDATA[2010]]>
              </value>
            </param>
            <param index="5">
              <value>
                <![CDATA[2017]]>
              </value>
            </param>
            <param index="6">
              <value>
                <![CDATA[20000]]>
              </value>
            </param>
            <param index="7">
              <value>
                <![CDATA[10]]>
              </value>
            </param>
          </params>
          <reporter-output>
          </reporter-output>
        </test-method> <!-- invalidDataSearchTest -->
        <test-method status="PASS" signature="closePage(org.testng.ITestResult)[pri:0, instance:TestsAutoRia@2b62442c]" name="closePage" is-config="true" duration-ms="2117" started-at="2018-07-17T12:50:15Z" finished-at="2018-07-17T12:50:17Z">
          <params>
            <param index="0">
              <value>
                <![CDATA[[TestResult name=invalidDataSearchTest status=SUCCESS method=TestsAutoRia.invalidDataSearchTest(java.lang.String, java.lang.String, java.lang.String, java.lang.String, java.lang.String, java.lang.String, java.lang.String, java.lang.String)[pri:0, instance:TestsAutoRia@2b62442c] output={null}]]]>
              </value>
            </param>
          </params>
          <reporter-output>
          </reporter-output>
        </test-method> <!-- closePage -->
        <test-method status="PASS" signature="openPage()[pri:0, instance:TestsAutoRia@2b62442c]" name="openPage" is-config="true" duration-ms="7630" started-at="2018-07-17T12:50:17Z" finished-at="2018-07-17T12:50:25Z">
          <reporter-output>
          </reporter-output>
        </test-method> <!-- openPage -->
        <test-method status="PASS" signature="registrationWithInvalidDataTest()[pri:0, instance:TestsAutoRia@2b62442c]" name="registrationWithInvalidDataTest" duration-ms="13506" started-at="2018-07-17T12:50:25Z" finished-at="2018-07-17T12:50:39Z">
          <reporter-output>
          </reporter-output>
        </test-method> <!-- registrationWithInvalidDataTest -->
        <test-method status="PASS" signature="closePage(org.testng.ITestResult)[pri:0, instance:TestsAutoRia@2b62442c]" name="closePage" is-config="true" duration-ms="2013" started-at="2018-07-17T12:50:39Z" finished-at="2018-07-17T12:50:41Z">
          <params>
            <param index="0">
              <value>
                <![CDATA[[TestResult name=registrationWithInvalidDataTest status=SUCCESS method=TestsAutoRia.registrationWithInvalidDataTest()[pri:0, instance:TestsAutoRia@2b62442c] output={null}]]]>
              </value>
            </param>
          </params>
          <reporter-output>
          </reporter-output>
        </test-method> <!-- closePage -->
      </class> <!-- TestsAutoRia -->
      <class name="ApiTest">
        <test-method status="PASS" signature="apiTestRestAssured1()[pri:0, instance:ApiTest@28a0fd6c]" name="apiTestRestAssured1" duration-ms="3740" started-at="2018-07-17T12:48:38Z" finished-at="2018-07-17T12:48:42Z">
          <reporter-output>
          </reporter-output>
        </test-method> <!-- apiTestRestAssured1 -->
        <test-method status="PASS" signature="apiTestRestAssured2()[pri:0, instance:ApiTest@28a0fd6c]" name="apiTestRestAssured2" duration-ms="357" started-at="2018-07-17T12:48:42Z" finished-at="2018-07-17T12:48:42Z">
          <reporter-output>
          </reporter-output>
        </test-method> <!-- apiTestRestAssured2 -->
        <test-method status="PASS" signature="apiTestRestAssured3()[pri:0, instance:ApiTest@28a0fd6c]" name="apiTestRestAssured3" duration-ms="310" started-at="2018-07-17T12:48:42Z" finished-at="2018-07-17T12:48:43Z">
          <reporter-output>
          </reporter-output>
        </test-method> <!-- apiTestRestAssured3 -->
      </class> <!-- ApiTest -->
    </test> <!-- Surefire test -->
  </suite> <!-- Surefire suite -->
</testng-results>
